16:30:36.910 [main] INFO  tests.LoginTest - Driver initialised successfully
16:30:42.667 [main] DEBUG tests.LoginTest - URL launch successfully...
16:30:44.235 [main] DEBUG tests.RegistrationTest - driver got initialised successfully..
16:30:47.971 [main] DEBUG tests.RegistrationTest - URL got launched successfully...
16:30:48.887 [main] INFO  tests.RegistrationTest - Registration done successfully..
16:30:51.273 [main] INFO  tests.LoginTest - All Browsers opened by automation closed sucessfully..
16:30:52.405 [main] INFO  tests.RegistrationTest - All browsers opened by automation got closed successfully...
22:51:28.472 [main] INFO  tests.LoginTest - Driver initialised successfully
22:51:32.368 [main] DEBUG tests.LoginTest - URL launch successfully...
22:51:34.595 [main] DEBUG tests.RegistrationTest - driver got initialised successfully..
22:51:39.510 [main] DEBUG tests.RegistrationTest - URL got launched successfully...
22:51:40.714 [main] INFO  tests.LoginTest - Clicking Login Button..
22:51:42.203 [main] INFO  tests.LoginTest - Successfully Log in to application..
22:51:43.271 [main] INFO  tests.LoginTest - Clicking Login Button..
22:51:44.155 [main] INFO  tests.LoginTest - Successfully Log in to application..
22:51:57.102 [main] INFO  tests.LoginTest - All Browsers opened by automation closed sucessfully..
22:51:58.277 [main] INFO  tests.RegistrationTest - All browsers opened by automation got closed successfully...
22:54:37.686 [main] INFO  tests.LoginTest - Driver initialised successfully
22:54:40.761 [main] DEBUG tests.LoginTest - URL launch successfully...
22:54:42.220 [main] DEBUG tests.RegistrationTest - driver got initialised successfully..
22:54:45.622 [main] DEBUG tests.RegistrationTest - URL got launched successfully...
22:54:46.345 [main] INFO  tests.LoginTest - Clicking Login Button..
22:54:47.381 [main] INFO  tests.LoginTest - Successfully Log in to application..
22:54:48.419 [main] INFO  tests.LoginTest - Clicking Login Button..
22:54:49.204 [main] INFO  tests.LoginTest - Successfully Log in to application..
22:55:00.398 [main] INFO  tests.LoginTest - All Browsers opened by automation closed sucessfully..
22:55:01.309 [main] INFO  tests.RegistrationTest - All browsers opened by automation got closed successfully...
22:58:07.300 [main] INFO  tests.LoginTest - Driver initialised successfully
22:58:10.568 [main] DEBUG tests.LoginTest - URL launch successfully...
22:58:12.117 [main] DEBUG tests.RegistrationTest - driver got initialised successfully..
22:58:15.324 [main] DEBUG tests.RegistrationTest - URL got launched successfully...
22:58:16.076 [main] INFO  tests.LoginTest - Clicking Login Button..
22:58:17.093 [main] INFO  tests.LoginTest - Successfully Log in to application..
22:58:18.002 [main] INFO  tests.LoginTest - Clicking Login Button..
22:58:18.708 [main] INFO  tests.LoginTest - Successfully Log in to application..
22:58:29.829 [main] INFO  tests.LoginTest - All Browsers opened by automation closed sucessfully..
22:58:30.760 [main] INFO  tests.RegistrationTest - All browsers opened by automation got closed successfully...
23:03:05.953 [main] INFO  tests.LoginTest - Driver initialised successfully
23:03:09.254 [main] DEBUG tests.LoginTest - URL launch successfully...
23:03:10.914 [main] DEBUG tests.RegistrationTest - driver got initialised successfully..
23:03:14.397 [main] DEBUG tests.RegistrationTest - URL got launched successfully...
23:03:15.120 [main] INFO  tests.LoginTest - Clicking Login Button..
23:03:16.149 [main] INFO  tests.LoginTest - Successfully Log in to application..
23:03:17.267 [main] INFO  tests.LoginTest - Clicking Login Button..
23:03:18.028 [main] INFO  tests.LoginTest - Successfully Log in to application..
23:03:29.403 [main] INFO  tests.LoginTest - All Browsers opened by automation closed sucessfully..
23:03:30.349 [main] INFO  tests.RegistrationTest - All browsers opened by automation got closed successfully...
23:04:36.569 [main] INFO  tests.LoginTest - Driver initialised successfully
23:04:39.662 [main] DEBUG tests.LoginTest - URL launch successfully...
23:04:41.180 [main] DEBUG tests.RegistrationTest - driver got initialised successfully..
23:04:44.952 [main] DEBUG tests.RegistrationTest - URL got launched successfully...
23:04:45.734 [main] INFO  tests.LoginTest - Clicking Login Button..
23:04:46.857 [main] INFO  tests.LoginTest - Successfully Log in to application..
23:04:47.865 [main] INFO  tests.LoginTest - Clicking Login Button..
23:04:48.657 [main] INFO  tests.LoginTest - Successfully Log in to application..
23:04:59.901 [main] INFO  tests.LoginTest - All Browsers opened by automation closed sucessfully..
23:05:00.836 [main] INFO  tests.RegistrationTest - All browsers opened by automation got closed successfully...
23:05:26.769 [main] INFO  tests.LoginTest - Driver initialised successfully
23:05:29.756 [main] DEBUG tests.LoginTest - URL launch successfully...
23:05:31.323 [main] DEBUG tests.RegistrationTest - driver got initialised successfully..
23:05:34.977 [main] DEBUG tests.RegistrationTest - URL got launched successfully...
23:05:35.643 [main] INFO  tests.LoginTest - Clicking Login Button..
23:05:36.571 [main] INFO  tests.LoginTest - Successfully Log in to application..
23:05:37.488 [main] INFO  tests.LoginTest - Clicking Login Button..
23:05:38.261 [main] INFO  tests.LoginTest - Successfully Log in to application..
23:05:50.668 [main] INFO  tests.LoginTest - All Browsers opened by automation closed sucessfully..
23:05:51.534 [main] INFO  tests.RegistrationTest - All browsers opened by automation got closed successfully...
23:06:37.647 [main] INFO  tests.LoginTest - Driver initialised successfully
23:06:41.165 [main] DEBUG tests.LoginTest - URL launch successfully...
23:06:42.713 [main] DEBUG tests.RegistrationTest - driver got initialised successfully..
23:06:46.056 [main] DEBUG tests.RegistrationTest - URL got launched successfully...
23:06:46.796 [main] INFO  tests.LoginTest - Clicking Login Button..
23:06:47.895 [main] INFO  tests.LoginTest - Successfully Log in to application..
23:06:48.938 [main] INFO  tests.LoginTest - Clicking Login Button..
23:06:49.799 [main] INFO  tests.LoginTest - Successfully Log in to application..
23:07:01.265 [main] INFO  tests.LoginTest - All Browsers opened by automation closed sucessfully..
23:07:02.258 [main] INFO  tests.RegistrationTest - All browsers opened by automation got closed successfully...
23:07:39.695 [main] INFO  tests.LoginTest - Driver initialised successfully
23:07:42.849 [main] DEBUG tests.LoginTest - URL launch successfully...
23:07:44.426 [main] DEBUG tests.RegistrationTest - driver got initialised successfully..
23:07:50.298 [main] DEBUG tests.RegistrationTest - URL got launched successfully...
23:07:51.414 [main] INFO  tests.LoginTest - Clicking Login Button..
23:07:52.649 [main] INFO  tests.LoginTest - Successfully Log in to application..
23:07:53.692 [main] INFO  tests.LoginTest - Clicking Login Button..
23:07:54.642 [main] INFO  tests.LoginTest - Successfully Log in to application..
23:08:05.854 [main] INFO  tests.LoginTest - All Browsers opened by automation closed sucessfully..
23:08:06.821 [main] INFO  tests.RegistrationTest - All browsers opened by automation got closed successfully...
20:31:42.507 [main] INFO  tests.LoginTest - Driver initialised successfully
20:31:46.727 [main] DEBUG tests.LoginTest - URL launch successfully...
20:31:48.403 [main] DEBUG tests.RegistrationTest - driver got initialised successfully..
20:31:52.775 [main] DEBUG tests.RegistrationTest - URL got launched successfully...
20:31:53.953 [main] INFO  tests.LoginTest - Clicking Login Button..
20:31:55.417 [main] INFO  tests.LoginTest - Successfully Log in to application..
20:31:56.598 [main] INFO  tests.LoginTest - Clicking Login Button..
20:31:57.397 [main] INFO  tests.LoginTest - Successfully Log in to application..
20:32:11.795 [main] INFO  tests.LoginTest - All Browsers opened by automation closed sucessfully..
20:32:12.880 [main] INFO  tests.RegistrationTest - All browsers opened by automation got closed successfully...
20:41:27.915 [main] INFO  tests.LoginTest - Driver initialised successfully
20:41:30.724 [main] DEBUG tests.LoginTest - URL launch successfully...
20:41:32.391 [main] DEBUG tests.RegistrationTest - driver got initialised successfully..
20:41:36.165 [main] DEBUG tests.RegistrationTest - URL got launched successfully...
20:41:37.168 [main] INFO  tests.LoginTest - Clicking Login Button..
20:41:38.229 [main] INFO  tests.LoginTest - Successfully Log in to application..
20:41:39.407 [main] INFO  tests.LoginTest - Clicking Login Button..
20:41:40.200 [main] INFO  tests.LoginTest - Successfully Log in to application..
20:41:51.429 [main] INFO  tests.LoginTest - All Browsers opened by automation closed sucessfully..
20:41:52.327 [main] INFO  tests.RegistrationTest - All browsers opened by automation got closed successfully...
12:16:07.998 [main] INFO  tests.LoginTest - Driver initialised successfully
12:16:10.512 [main] DEBUG tests.LoginTest - URL launch successfully...
12:16:12.011 [main] DEBUG tests.RegistrationTest - driver got initialised successfully..
12:16:15.795 [main] DEBUG tests.RegistrationTest - URL got launched successfully...
12:16:16.948 [main] INFO  tests.LoginTest - Clicking Login Button..
12:16:18.150 [main] INFO  tests.LoginTest - Successfully Log in to application..
12:16:19.147 [main] INFO  tests.LoginTest - Clicking Login Button..
12:16:19.941 [main] INFO  tests.LoginTest - Successfully Log in to application..
12:16:34.194 [main] INFO  tests.LoginTest - All Browsers opened by automation closed sucessfully..
12:16:35.497 [main] INFO  tests.RegistrationTest - All browsers opened by automation got closed successfully...
12:26:52.138 [main] INFO  tests.LoginTest - Driver initialised successfully
12:26:55.309 [main] DEBUG tests.LoginTest - URL launch successfully...
12:26:55.971 [main] INFO  tests.LoginTest - Clicking Login Button..
